<?xml version="1.0" encoding="UTF-8"?>
<testng-results ignored="0" total="1" passed="1" failed="0" skipped="0">
  <reporter-output>
  </reporter-output>
  <suite started-at="2022-12-20T10:14:06 IST" name="Default suite" finished-at="2022-12-20T10:17:18 IST" duration-ms="192235">
    <groups>
    </groups>
    <test started-at="2022-12-20T10:14:06 IST" name="Default test" finished-at="2022-12-20T10:17:18 IST" duration-ms="192235">
      <class name="Luma.shopping.SanityTest">
        <test-method signature="Testcase01()[pri:0, instance:Luma.shopping.SanityTest@4422dd48]" started-at="2022-12-20T10:14:06 IST" name="Testcase01" finished-at="2022-12-20T10:17:18 IST" duration-ms="192143" status="PASS">
          <reporter-output>
          </reporter-output>
        </test-method> <!-- Testcase01 -->
      </class> <!-- Luma.shopping.SanityTest -->
    </test> <!-- Default test -->
  </suite> <!-- Default suite -->
</testng-results>
